{
  "stats": {
    "suites": 1,
    "tests": 1,
    "passes": 0,
    "pending": 0,
    "failures": 1,
    "start": "2024-07-19T21:42:07.796Z",
    "end": "2024-07-19T21:42:15.803Z",
    "duration": 8007,
    "testsRegistered": 1,
    "passPercent": 0,
    "pendingPercent": 0,
    "other": 0,
    "hasOther": false,
    "skipped": 0,
    "hasSkipped": false
  },
  "results": [
    {
      "uuid": "3dd57b70-26e7-44c4-95a4-0f95bfcdc5a4",
      "title": "",
      "fullFile": "cypress/e2e/Homework_19.1/addCar.cy.js",
      "file": "cypress/e2e/Homework_19.1/addCar.cy.js",
      "beforeHooks": [],
      "afterHooks": [],
      "tests": [],
      "suites": [
        {
          "uuid": "ca86d570-6e94-4707-a535-f7b2b1715553",
          "title": "Add Car",
          "fullFile": "",
          "file": "",
          "beforeHooks": [],
          "afterHooks": [],
          "tests": [
            {
              "title": "should add a car",
              "fullTitle": "Add Car should add a car",
              "timedOut": null,
              "duration": 7911,
              "state": "failed",
              "speed": null,
              "pass": false,
              "fail": true,
              "pending": false,
              "context": null,
              "code": "const carDetails = {\n  brand: 'Porsche',\n  model: 'Panamera',\n  mileage: '777'\n};\ncy.contains('button', 'Add car').click();\ncy.get('#addCarBrand').select(carDetails.brand);\ncy.get('#addCarModel').select(carDetails.model);\ncy.get('#addCarMileage').type(carDetails.mileage);\ncy.contains('button', 'Add').click();",
              "err": {
                "message": "AssertionError: Timed out retrying after 4000ms: expected 'https://qauto.forstudy.space/' to include '/panel/garage'\n\nBecause this error occurred during a `before each` hook we are skipping the remaining tests in the current suite: `Add Car`",
                "estack": "AssertionError: Timed out retrying after 4000ms: expected 'https://qauto.forstudy.space/' to include '/panel/garage'\n\nBecause this error occurred during a `before each` hook we are skipping the remaining tests in the current suite: `Add Car`\n    at Context.eval (webpack://cypress_hillel/./cypress/e2e/Homework_19.1/addCar.cy.js:10:13)",
                "diff": null
              },
              "uuid": "b43285a0-1b58-4d6b-937b-043463587f06",
              "parentUUID": "ca86d570-6e94-4707-a535-f7b2b1715553",
              "isHook": false,
              "skipped": false
            }
          ],
          "suites": [],
          "passes": [],
          "failures": [
            "b43285a0-1b58-4d6b-937b-043463587f06"
          ],
          "pending": [],
          "skipped": [],
          "duration": 7911,
          "root": false,
          "rootEmpty": false,
          "_timeout": 2000
        }
      ],
      "passes": [],
      "failures": [],
      "pending": [],
      "skipped": [],
      "duration": 0,
      "root": true,
      "rootEmpty": true,
      "_timeout": 2000
    }
  ],
  "meta": {
    "mocha": {
      "version": "7.0.1"
    },
    "mochawesome": {
      "options": {
        "quiet": false,
        "reportFilename": "mochawesome",
        "saveHtml": true,
        "saveJson": true,
        "consoleReporter": "spec",
        "useInlineDiffs": false,
        "code": true
      },
      "version": "7.1.3"
    },
    "marge": {
      "options": {
        "reportDir": "cypress/reports",
        "overwrite": false,
        "html": true,
        "json": true
      },
      "version": "6.2.0"
    }
  }
}